<?xml version="1.0" encoding="UTF-8"?>
<testng-results skipped="0" failed="0" ignored="0" total="6" passed="6">
  <reporter-output>
  </reporter-output>
  <suite name="All Test Suite" duration-ms="35829" started-at="2023-01-17T12:36:08 MST" finished-at="2023-01-17T12:36:44 MST">
    <groups>
    </groups>
    <test name="Assessment" duration-ms="35829" started-at="2023-01-17T12:36:08 MST" finished-at="2023-01-17T12:36:44 MST">
      <class name="testCases.AssessmentResolver">
        <test-method status="PASS" signature="OpenBrowser()[pri:0, instance:testCases.AssessmentResolver@6c49835d]" name="OpenBrowser" is-config="true" duration-ms="3452" started-at="2023-01-17T12:36:08 MST" finished-at="2023-01-17T12:36:11 MST">
          <reporter-output>
          </reporter-output>
        </test-method> <!-- OpenBrowser -->
        <test-method status="PASS" signature="Test1()[pri:0, instance:testCases.AssessmentResolver@6c49835d]" name="Test1" duration-ms="3578" started-at="2023-01-17T12:36:11 MST" finished-at="2023-01-17T12:36:15 MST">
          <reporter-output>
          </reporter-output>
        </test-method> <!-- Test1 -->
        <test-method status="PASS" signature="closeBrowser()[pri:0, instance:testCases.AssessmentResolver@6c49835d]" name="closeBrowser" is-config="true" duration-ms="1120" started-at="2023-01-17T12:36:15 MST" finished-at="2023-01-17T12:36:16 MST">
          <reporter-output>
          </reporter-output>
        </test-method> <!-- closeBrowser -->
        <test-method status="PASS" signature="OpenBrowser()[pri:0, instance:testCases.AssessmentResolver@6c49835d]" name="OpenBrowser" is-config="true" duration-ms="2459" started-at="2023-01-17T12:36:16 MST" finished-at="2023-01-17T12:36:19 MST">
          <reporter-output>
          </reporter-output>
        </test-method> <!-- OpenBrowser -->
        <test-method status="PASS" signature="Test2()[pri:0, instance:testCases.AssessmentResolver@6c49835d]" name="Test2" duration-ms="116" started-at="2023-01-17T12:36:19 MST" finished-at="2023-01-17T12:36:19 MST">
          <reporter-output>
          </reporter-output>
        </test-method> <!-- Test2 -->
        <test-method status="PASS" signature="closeBrowser()[pri:0, instance:testCases.AssessmentResolver@6c49835d]" name="closeBrowser" is-config="true" duration-ms="687" started-at="2023-01-17T12:36:19 MST" finished-at="2023-01-17T12:36:20 MST">
          <reporter-output>
          </reporter-output>
        </test-method> <!-- closeBrowser -->
        <test-method status="PASS" signature="OpenBrowser()[pri:0, instance:testCases.AssessmentResolver@6c49835d]" name="OpenBrowser" is-config="true" duration-ms="2498" started-at="2023-01-17T12:36:20 MST" finished-at="2023-01-17T12:36:22 MST">
          <reporter-output>
          </reporter-output>
        </test-method> <!-- OpenBrowser -->
        <test-method status="PASS" signature="Test3()[pri:0, instance:testCases.AssessmentResolver@6c49835d]" name="Test3" duration-ms="5315" started-at="2023-01-17T12:36:22 MST" finished-at="2023-01-17T12:36:27 MST">
          <reporter-output>
          </reporter-output>
        </test-method> <!-- Test3 -->
        <test-method status="PASS" signature="closeBrowser()[pri:0, instance:testCases.AssessmentResolver@6c49835d]" name="closeBrowser" is-config="true" duration-ms="666" started-at="2023-01-17T12:36:28 MST" finished-at="2023-01-17T12:36:28 MST">
          <reporter-output>
          </reporter-output>
        </test-method> <!-- closeBrowser -->
        <test-method status="PASS" signature="OpenBrowser()[pri:0, instance:testCases.AssessmentResolver@6c49835d]" name="OpenBrowser" is-config="true" duration-ms="2835" started-at="2023-01-17T12:36:28 MST" finished-at="2023-01-17T12:36:31 MST">
          <reporter-output>
          </reporter-output>
        </test-method> <!-- OpenBrowser -->
        <test-method status="PASS" signature="Test4()[pri:0, instance:testCases.AssessmentResolver@6c49835d]" name="Test4" duration-ms="108" started-at="2023-01-17T12:36:31 MST" finished-at="2023-01-17T12:36:31 MST">
          <reporter-output>
          </reporter-output>
        </test-method> <!-- Test4 -->
        <test-method status="PASS" signature="closeBrowser()[pri:0, instance:testCases.AssessmentResolver@6c49835d]" name="closeBrowser" is-config="true" duration-ms="705" started-at="2023-01-17T12:36:31 MST" finished-at="2023-01-17T12:36:32 MST">
          <reporter-output>
          </reporter-output>
        </test-method> <!-- closeBrowser -->
        <test-method status="PASS" signature="OpenBrowser()[pri:0, instance:testCases.AssessmentResolver@6c49835d]" name="OpenBrowser" is-config="true" duration-ms="2512" started-at="2023-01-17T12:36:32 MST" finished-at="2023-01-17T12:36:35 MST">
          <reporter-output>
          </reporter-output>
        </test-method> <!-- OpenBrowser -->
        <test-method status="PASS" signature="Test5()[pri:0, instance:testCases.AssessmentResolver@6c49835d]" name="Test5" duration-ms="3639" started-at="2023-01-17T12:36:35 MST" finished-at="2023-01-17T12:36:38 MST">
          <reporter-output>
          </reporter-output>
        </test-method> <!-- Test5 -->
        <test-method status="PASS" signature="closeBrowser()[pri:0, instance:testCases.AssessmentResolver@6c49835d]" name="closeBrowser" is-config="true" duration-ms="1137" started-at="2023-01-17T12:36:38 MST" finished-at="2023-01-17T12:36:40 MST">
          <reporter-output>
          </reporter-output>
        </test-method> <!-- closeBrowser -->
        <test-method status="PASS" signature="OpenBrowser()[pri:0, instance:testCases.AssessmentResolver@6c49835d]" name="OpenBrowser" is-config="true" duration-ms="2697" started-at="2023-01-17T12:36:40 MST" finished-at="2023-01-17T12:36:42 MST">
          <reporter-output>
          </reporter-output>
        </test-method> <!-- OpenBrowser -->
        <test-method status="PASS" signature="Test6()[pri:0, instance:testCases.AssessmentResolver@6c49835d]" name="Test6" duration-ms="460" started-at="2023-01-17T12:36:42 MST" finished-at="2023-01-17T12:36:43 MST">
          <reporter-output>
          </reporter-output>
        </test-method> <!-- Test6 -->
        <test-method status="PASS" signature="closeBrowser()[pri:0, instance:testCases.AssessmentResolver@6c49835d]" name="closeBrowser" is-config="true" duration-ms="719" started-at="2023-01-17T12:36:43 MST" finished-at="2023-01-17T12:36:44 MST">
          <reporter-output>
          </reporter-output>
        </test-method> <!-- closeBrowser -->
      </class> <!-- testCases.AssessmentResolver -->
    </test> <!-- Assessment -->
  </suite> <!-- All Test Suite -->
</testng-results>
