<?xml version="1.0" encoding="UTF-8"?>
<!-- Generated by org.testng.reporters.JUnitXMLReporter -->
<testsuite hostname="DESKTOP-8CSIC1S" ignored="0" name="Assessment" tests="6" failures="0" timestamp="2023-01-17T12:36:44 MST" time="35.829" errors="0">
  <testcase name="Test1" time="3.578" classname="testCases.AssessmentResolver"/>
  <testcase name="Test2" time="0.116" classname="testCases.AssessmentResolver"/>
  <testcase name="Test3" time="5.315" classname="testCases.AssessmentResolver"/>
  <testcase name="Test4" time="0.108" classname="testCases.AssessmentResolver"/>
  <testcase name="Test5" time="3.639" classname="testCases.AssessmentResolver"/>
  <testcase name="Test6" time="0.46" classname="testCases.AssessmentResolver"/>
</testsuite> <!-- Assessment -->
